Построение начато 11.01.2012 22:31:15.
     1>Проект "D:\институт МИРЭА\обучение Си\C1++\InsertSortDinMas\InsertSortDinMas\InsertSortDinMas.vcxproj" в узле 2 (целевые объекты build).
     1>InitializeBuildStatus:
         Создание "Debug\InsertSortDinMas.unsuccessfulbuild", так как было задано "AlwaysCreate".
       ClCompile:
         C:\Program Files\Microsoft Visual Studio 10.0\VC\bin\CL.exe /c /ZI /nologo /W3 /WX- /Od /Oy- /D WIN32 /D _DEBUG /D _CONSOLE /D _UNICODE /D UNICODE /Gm /EHsc /RTC1 /MDd /GS /fp:precise /Zc:wchar_t /Zc:forScope /Yc"StdAfx.h" /Fp"Debug\InsertSortDinMas.pch" /Fo"Debug\\" /Fd"Debug\vc100.pdb" /Gd /TP /analyze- /errorReport:prompt stdafx.cpp
         stdafx.cpp
         C:\Program Files\Microsoft Visual Studio 10.0\VC\bin\CL.exe /c /ZI /nologo /W3 /WX- /Od /Oy- /D WIN32 /D _DEBUG /D _CONSOLE /D _UNICODE /D UNICODE /Gm /EHsc /RTC1 /MDd /GS /fp:precise /Zc:wchar_t /Zc:forScope /Yu"StdAfx.h" /Fp"Debug\InsertSortDinMas.pch" /Fo"Debug\\" /Fd"Debug\vc100.pdb" /Gd /TP /analyze- /errorReport:prompt InsertSortDinMas.cpp
         InsertSortDinMas.cpp
     1>d:\институт мирэа\обучение си\c1++\insertsortdinmas\insertsortdinmas\insertsortdinmas.cpp(10): warning C4244: аргумент: преобразование "time_t" в "unsigned int", возможна потеря данных
     1>d:\институт мирэа\обучение си\c1++\insertsortdinmas\insertsortdinmas\insertsortdinmas.cpp(69): warning C4101: szInput: неиспользованная локальная переменная
       ManifestResourceCompile:
         C:\Program Files\Microsoft SDKs\Windows\v7.0A\bin\rc.exe /nologo /fo"Debug\InsertSortDinMas.exe.embed.manifest.res" Debug\InsertSortDinMas_manifest.rc 
       Link:
         C:\Program Files\Microsoft Visual Studio 10.0\VC\bin\link.exe /ERRORREPORT:PROMPT /OUT:"D:\институт МИРЭА\обучение Си\C1++\InsertSortDinMas\Debug\InsertSortDinMas.exe" /INCREMENTAL /NOLOGO kernel32.lib user32.lib gdi32.lib winspool.lib comdlg32.lib advapi32.lib shell32.lib ole32.lib oleaut32.lib uuid.lib odbc32.lib odbccp32.lib /MANIFEST /ManifestFile:"Debug\InsertSortDinMas.exe.intermediate.manifest" /MANIFESTUAC:"level='asInvoker' uiAccess='false'" /DEBUG /PDB:"D:\институт МИРЭА\обучение Си\C1++\InsertSortDinMas\Debug\InsertSortDinMas.pdb" /SUBSYSTEM:CONSOLE /TLBID:1 /DYNAMICBASE /NXCOMPAT /IMPLIB:"D:\институт МИРЭА\обучение Си\C1++\InsertSortDinMas\Debug\InsertSortDinMas.lib" /MACHINE:X86 Debug\InsertSortDinMas.exe.embed.manifest.res
         Debug\InsertSortDinMas.obj
         Debug\stdafx.obj
         LINK : не найден или не выполнена сборка D:\институт МИРЭА\обучение Си\C1++\InsertSortDinMas\Debug\InsertSortDinMas.exe при последней инкрементной компоновке; выполняется полная компоновка
       Manifest:
         C:\Program Files\Microsoft SDKs\Windows\v7.0A\bin\mt.exe /nologo /verbose /out:"Debug\InsertSortDinMas.exe.embed.manifest" /manifest Debug\InsertSortDinMas.exe.intermediate.manifest
         Для всех выходных данных обновления не требуется.
       LinkEmbedManifest:
         Для всех выходных данных обновления не требуется.
         InsertSortDinMas.vcxproj -> D:\институт МИРЭА\обучение Си\C1++\InsertSortDinMas\Debug\InsertSortDinMas.exe
       FinalizeBuildStatus:
         Файл "Debug\InsertSortDinMas.unsuccessfulbuild" удаляется.
         Обращение к "Debug\InsertSortDinMas.lastbuildstate".
     1>Построение проекта "D:\институт МИРЭА\обучение Си\C1++\InsertSortDinMas\InsertSortDinMas\InsertSortDinMas.vcxproj" завершено (целевые объекты build).

Построение успешно завершено.

Затраченное время: 00:00:02.48
