Построение начато 09.02.2012 0:12:54.
     1>Проект "D:\институт МИРЭА\обучение Си\stringReplace\stringReplace\stringReplace.vcxproj" в узле 2 (целевые объекты build).
     1>InitializeBuildStatus:
         Создание "Debug\stringReplace.unsuccessfulbuild", так как было задано "AlwaysCreate".
       ClCompile:
         Для всех выходных данных обновления не требуется.
         C:\Program Files\Microsoft Visual Studio 10.0\VC\bin\CL.exe /c /ZI /nologo /W3 /WX- /Od /Oy- /D WIN32 /D _DEBUG /D _CONSOLE /D _UNICODE /D UNICODE /Gm /EHsc /RTC1 /MDd /GS /fp:precise /Zc:wchar_t /Zc:forScope /Yu"StdAfx.h" /Fp"Debug\stringReplace.pch" /Fo"Debug\\" /Fd"Debug\vc100.pdb" /Gd /TP /analyze- /errorReport:prompt stringReplace.cpp
         stringReplace.cpp
       ManifestResourceCompile:
         Для всех выходных данных обновления не требуется.
       Link:
         C:\Program Files\Microsoft Visual Studio 10.0\VC\bin\link.exe /ERRORREPORT:PROMPT /OUT:"D:\институт МИРЭА\обучение Си\stringReplace\Debug\stringReplace.exe" /INCREMENTAL /NOLOGO kernel32.lib user32.lib gdi32.lib winspool.lib comdlg32.lib advapi32.lib shell32.lib ole32.lib oleaut32.lib uuid.lib odbc32.lib odbccp32.lib /MANIFEST /ManifestFile:"Debug\stringReplace.exe.intermediate.manifest" /MANIFESTUAC:"level='asInvoker' uiAccess='false'" /DEBUG /PDB:"D:\институт МИРЭА\обучение Си\stringReplace\Debug\stringReplace.pdb" /SUBSYSTEM:CONSOLE /TLBID:1 /DYNAMICBASE /NXCOMPAT /IMPLIB:"D:\институт МИРЭА\обучение Си\stringReplace\Debug\stringReplace.lib" /MACHINE:X86 Debug\stringReplace.exe.embed.manifest.res
         Debug\stdafx.obj
         Debug\stringReplace.obj
       Manifest:
         C:\Program Files\Microsoft SDKs\Windows\v7.0A\bin\mt.exe /nologo /verbose /out:"Debug\stringReplace.exe.embed.manifest" /manifest Debug\stringReplace.exe.intermediate.manifest
         Для всех выходных данных обновления не требуется.
       LinkEmbedManifest:
         Для всех выходных данных обновления не требуется.
         stringReplace.vcxproj -> D:\институт МИРЭА\обучение Си\stringReplace\Debug\stringReplace.exe
       FinalizeBuildStatus:
         Файл "Debug\stringReplace.unsuccessfulbuild" удаляется.
         Обращение к "Debug\stringReplace.lastbuildstate".
     1>Построение проекта "D:\институт МИРЭА\обучение Си\stringReplace\stringReplace\stringReplace.vcxproj" завершено (целевые объекты build).

Построение успешно завершено.

Затраченное время: 00:00:01.57
