Построение начато 12.04.2012 14:58:56.
     1>Проект "D:\институт МИРЭА\обучение Си\Struktura\Struktura\Struktura.vcxproj" в узле 2 (целевые объекты build).
     1>InitializeBuildStatus:
         Обращение к "Debug\Struktura.unsuccessfulbuild".
       ClCompile:
         C:\Program Files\Microsoft Visual Studio 10.0\VC\bin\CL.exe /c /ZI /nologo /W3 /WX- /Od /Oy- /D WIN32 /D _DEBUG /D _CONSOLE /D _UNICODE /D UNICODE /Gm /EHsc /RTC1 /MDd /GS /fp:precise /Zc:wchar_t /Zc:forScope /Fo"Debug\\" /Fd"Debug\vc100.pdb" /Gd /TP /analyze- /errorReport:prompt Struktura.cpp
         Struktura.cpp
     1>d:\институт мирэа\обучение си\struktura\struktura\struktura.cpp(112): warning C4715: compareByName: значение возвращается не при всех путях выполнения
     1>d:\институт мирэа\обучение си\struktura\struktura\struktura.cpp(119): warning C4715: compareBySName: значение возвращается не при всех путях выполнения
       ManifestResourceCompile:
         Для всех выходных данных обновления не требуется.
       Link:
         C:\Program Files\Microsoft Visual Studio 10.0\VC\bin\link.exe /ERRORREPORT:PROMPT /OUT:"D:\институт МИРЭА\обучение Си\Struktura\Debug\Struktura.exe" /INCREMENTAL /NOLOGO kernel32.lib user32.lib gdi32.lib winspool.lib comdlg32.lib advapi32.lib shell32.lib ole32.lib oleaut32.lib uuid.lib odbc32.lib odbccp32.lib /MANIFEST /ManifestFile:"Debug\Struktura.exe.intermediate.manifest" /MANIFESTUAC:"level='asInvoker' uiAccess='false'" /DEBUG /PDB:"D:\институт МИРЭА\обучение Си\Struktura\Debug\Struktura.pdb" /SUBSYSTEM:CONSOLE /TLBID:1 /DYNAMICBASE /NXCOMPAT /IMPLIB:"D:\институт МИРЭА\обучение Си\Struktura\Debug\Struktura.lib" /MACHINE:X86 Debug\Struktura.exe.embed.manifest.res
         Debug\Struktura.obj
       Manifest:
         C:\Program Files\Microsoft SDKs\Windows\v7.0A\bin\mt.exe /nologo /verbose /out:"Debug\Struktura.exe.embed.manifest" /manifest Debug\Struktura.exe.intermediate.manifest
         Для всех выходных данных обновления не требуется.
       LinkEmbedManifest:
         Для всех выходных данных обновления не требуется.
         Struktura.vcxproj -> D:\институт МИРЭА\обучение Си\Struktura\Debug\Struktura.exe
       FinalizeBuildStatus:
         Файл "Debug\Struktura.unsuccessfulbuild" удаляется.
         Обращение к "Debug\Struktura.lastbuildstate".
     1>Построение проекта "D:\институт МИРЭА\обучение Си\Struktura\Struktura\Struktura.vcxproj" завершено (целевые объекты build).

Построение успешно завершено.

Затраченное время: 00:00:02.25
