D:\my desktop study\C++\console2\console2\Debug\cl.command.1.tlog
D:\my desktop study\C++\console2\console2\Debug\CL.read.1.tlog
D:\my desktop study\C++\console2\console2\Debug\CL.write.1.tlog
D:\MY DESKTOP STUDY\C++\CONSOLE2\CONSOLE2\DEBUG\CONSOLE2.EXE.EMBED.MANIFEST
D:\MY DESKTOP STUDY\C++\CONSOLE2\CONSOLE2\DEBUG\CONSOLE2.EXE.EMBED.MANIFEST.RES
D:\my desktop study\C++\console2\console2\Debug\console2.exe.intermediate.manifest
D:\my desktop study\C++\console2\console2\Debug\console2_manifest.rc
D:\my desktop study\C++\console2\console2\Debug\link.3656.read.1.tlog
D:\my desktop study\C++\console2\console2\Debug\link.3656.write.1.tlog
D:\my desktop study\C++\console2\console2\Debug\link.3656-cvtres.read.1.tlog
D:\my desktop study\C++\console2\console2\Debug\link.3656-cvtres.write.1.tlog
D:\my desktop study\C++\console2\console2\Debug\link.860.read.1.tlog
D:\my desktop study\C++\console2\console2\Debug\link.860.write.1.tlog
D:\my desktop study\C++\console2\console2\Debug\link.860-cvtres.read.1.tlog
D:\my desktop study\C++\console2\console2\Debug\link.860-cvtres.write.1.tlog
D:\my desktop study\C++\console2\console2\Debug\link.command.1.tlog
D:\my desktop study\C++\console2\console2\Debug\link.read.1.tlog
D:\my desktop study\C++\console2\console2\Debug\link.write.1.tlog
D:\my desktop study\C++\console2\console2\Debug\link-cvtres.read.1.tlog
D:\my desktop study\C++\console2\console2\Debug\link-cvtres.write.1.tlog
D:\MY DESKTOP STUDY\C++\CONSOLE2\CONSOLE2\DEBUG\MAIN.OBJ
D:\my desktop study\C++\console2\console2\Debug\mt.command.1.tlog
D:\my desktop study\C++\console2\console2\Debug\mt.read.1.tlog
D:\my desktop study\C++\console2\console2\Debug\mt.write.1.tlog
D:\my desktop study\C++\console2\console2\Debug\rc.command.1.tlog
D:\my desktop study\C++\console2\console2\Debug\rc.read.1.tlog
D:\my desktop study\C++\console2\console2\Debug\rc.write.1.tlog
D:\my desktop study\C++\console2\console2\Debug\vc100.idb
D:\MY DESKTOP STUDY\C++\CONSOLE2\CONSOLE2\DEBUG\VC100.PDB
D:\my desktop study\C++\console2\Debug\console2.pdb
