Построение начато 21.03.2012 0:44:27.
     1>Проект "D:\институт МИРЭА\обучение Си\Eitken\Eitken\Eitken.vcxproj" в узле 2 (целевые объекты build).
     1>InitializeBuildStatus:
         Создание "Debug\Eitken.unsuccessfulbuild", так как было задано "AlwaysCreate".
       ClCompile:
         C:\Program Files\Microsoft Visual Studio 10.0\VC\bin\CL.exe /c /ZI /nologo /W3 /WX- /Od /Oy- /D WIN32 /D _DEBUG /D _CONSOLE /D _UNICODE /D UNICODE /Gm /EHsc /RTC1 /MDd /GS /fp:precise /Zc:wchar_t /Zc:forScope /Fo"Debug\\" /Fd"Debug\vc100.pdb" /Gd /TP /analyze- /errorReport:prompt eitken.cpp
         eitken.cpp
     1>d:\институт мирэа\обучение си\eitken\eitken\eitken.cpp(27): warning C4700: использована неинициализированная локальная переменная "t"
       ManifestResourceCompile:
         Для всех выходных данных обновления не требуется.
       Link:
         C:\Program Files\Microsoft Visual Studio 10.0\VC\bin\link.exe /ERRORREPORT:PROMPT /OUT:"D:\институт МИРЭА\обучение Си\Eitken\Debug\Eitken.exe" /INCREMENTAL /NOLOGO kernel32.lib user32.lib gdi32.lib winspool.lib comdlg32.lib advapi32.lib shell32.lib ole32.lib oleaut32.lib uuid.lib odbc32.lib odbccp32.lib /MANIFEST /ManifestFile:"Debug\Eitken.exe.intermediate.manifest" /MANIFESTUAC:"level='asInvoker' uiAccess='false'" /DEBUG /PDB:"D:\институт МИРЭА\обучение Си\Eitken\Debug\Eitken.pdb" /SUBSYSTEM:CONSOLE /TLBID:1 /DYNAMICBASE /NXCOMPAT /IMPLIB:"D:\институт МИРЭА\обучение Си\Eitken\Debug\Eitken.lib" /MACHINE:X86 Debug\Eitken.exe.embed.manifest.res
         Debug\eitken.obj
       Manifest:
         C:\Program Files\Microsoft SDKs\Windows\v7.0A\bin\mt.exe /nologo /verbose /out:"Debug\Eitken.exe.embed.manifest" /manifest Debug\Eitken.exe.intermediate.manifest
         Для всех выходных данных обновления не требуется.
       LinkEmbedManifest:
         Для всех выходных данных обновления не требуется.
         Eitken.vcxproj -> D:\институт МИРЭА\обучение Си\Eitken\Debug\Eitken.exe
       FinalizeBuildStatus:
         Файл "Debug\Eitken.unsuccessfulbuild" удаляется.
         Обращение к "Debug\Eitken.lastbuildstate".
     1>Построение проекта "D:\институт МИРЭА\обучение Си\Eitken\Eitken\Eitken.vcxproj" завершено (целевые объекты build).

Построение успешно завершено.

Затраченное время: 00:00:01.87
