Построение начато 21.03.2012 21:03:49.
     1>Проект "D:\институт МИРЭА\обучение Си\RungeKut\RungeKut\RungeKut.vcxproj" в узле 2 (целевые объекты build).
     1>InitializeBuildStatus:
         Создание "Debug\RungeKut.unsuccessfulbuild", так как было задано "AlwaysCreate".
       ClCompile:
         C:\Program Files\Microsoft Visual Studio 10.0\VC\bin\CL.exe /c /ZI /nologo /W3 /WX- /Od /Oy- /D WIN32 /D _DEBUG /D _CONSOLE /D _UNICODE /D UNICODE /Gm /EHsc /RTC1 /MDd /GS /fp:precise /Zc:wchar_t /Zc:forScope /Fo"Debug\\" /Fd"Debug\vc100.pdb" /Gd /TP /analyze- /errorReport:prompt RungeKut.cpp
         RungeKut.cpp
     1>d:\институт мирэа\обучение си\rungekut\rungekut\rungekut.cpp(13): warning C4305: инициализация: усечение из "double" к "const float"
       ManifestResourceCompile:
         Для всех выходных данных обновления не требуется.
       Link:
         C:\Program Files\Microsoft Visual Studio 10.0\VC\bin\link.exe /ERRORREPORT:PROMPT /OUT:"D:\институт МИРЭА\обучение Си\RungeKut\Debug\RungeKut.exe" /INCREMENTAL /NOLOGO kernel32.lib user32.lib gdi32.lib winspool.lib comdlg32.lib advapi32.lib shell32.lib ole32.lib oleaut32.lib uuid.lib odbc32.lib odbccp32.lib /MANIFEST /ManifestFile:"Debug\RungeKut.exe.intermediate.manifest" /MANIFESTUAC:"level='asInvoker' uiAccess='false'" /DEBUG /PDB:"D:\институт МИРЭА\обучение Си\RungeKut\Debug\RungeKut.pdb" /SUBSYSTEM:CONSOLE /TLBID:1 /DYNAMICBASE /NXCOMPAT /IMPLIB:"D:\институт МИРЭА\обучение Си\RungeKut\Debug\RungeKut.lib" /MACHINE:X86 Debug\RungeKut.exe.embed.manifest.res
         Debug\RungeKut.obj
       Manifest:
         C:\Program Files\Microsoft SDKs\Windows\v7.0A\bin\mt.exe /nologo /verbose /out:"Debug\RungeKut.exe.embed.manifest" /manifest Debug\RungeKut.exe.intermediate.manifest
         Для всех выходных данных обновления не требуется.
       LinkEmbedManifest:
         Для всех выходных данных обновления не требуется.
         RungeKut.vcxproj -> D:\институт МИРЭА\обучение Си\RungeKut\Debug\RungeKut.exe
       FinalizeBuildStatus:
         Файл "Debug\RungeKut.unsuccessfulbuild" удаляется.
         Обращение к "Debug\RungeKut.lastbuildstate".
     1>Построение проекта "D:\институт МИРЭА\обучение Си\RungeKut\RungeKut\RungeKut.vcxproj" завершено (целевые объекты build).

Построение успешно завершено.

Затраченное время: 00:00:01.31
