Построение начато 10.01.2012 9:08:10.
     1>Проект "D:\институт МИРЭА\обучение Си\dinamicMAsinsertSort\dinamicMAsinsertSort\dinamicMAsinsertSort.vcxproj" в узле 2 (целевые объекты build).
     1>InitializeBuildStatus:
         Создание "Debug\dinamicMAsinsertSort.unsuccessfulbuild", так как было задано "AlwaysCreate".
       ClCompile:
         Для всех выходных данных обновления не требуется.
         C:\Program Files\Microsoft Visual Studio 10.0\VC\bin\CL.exe /c /ZI /nologo /W3 /WX- /Od /Oy- /D WIN32 /D _DEBUG /D _CONSOLE /D _UNICODE /D UNICODE /Gm /EHsc /RTC1 /MDd /GS /fp:precise /Zc:wchar_t /Zc:forScope /Yu"StdAfx.h" /Fp"Debug\dinamicMAsinsertSort.pch" /Fo"Debug\\" /Fd"Debug\vc100.pdb" /Gd /TP /analyze- /errorReport:prompt dinamicMAsinsertSort.cpp
         dinamicMAsinsertSort.cpp
     1>d:\институт мирэа\обучение си\dinamicmasinsertsort\dinamicmasinsertsort\dinamicmasinsertsort.cpp(38): warning C4101: szInput: неиспользованная локальная переменная
       ManifestResourceCompile:
         Для всех выходных данных обновления не требуется.
       Link:
         C:\Program Files\Microsoft Visual Studio 10.0\VC\bin\link.exe /ERRORREPORT:PROMPT /OUT:"D:\институт МИРЭА\обучение Си\dinamicMAsinsertSort\Debug\dinamicMAsinsertSort.exe" /INCREMENTAL /NOLOGO kernel32.lib user32.lib gdi32.lib winspool.lib comdlg32.lib advapi32.lib shell32.lib ole32.lib oleaut32.lib uuid.lib odbc32.lib odbccp32.lib /MANIFEST /ManifestFile:"Debug\dinamicMAsinsertSort.exe.intermediate.manifest" /MANIFESTUAC:"level='asInvoker' uiAccess='false'" /DEBUG /PDB:"D:\институт МИРЭА\обучение Си\dinamicMAsinsertSort\Debug\dinamicMAsinsertSort.pdb" /SUBSYSTEM:CONSOLE /TLBID:1 /DYNAMICBASE /NXCOMPAT /IMPLIB:"D:\институт МИРЭА\обучение Си\dinamicMAsinsertSort\Debug\dinamicMAsinsertSort.lib" /MACHINE:X86 Debug\dinamicMAsinsertSort.exe.embed.manifest.res
         Debug\dinamicMAsinsertSort.obj
         Debug\stdafx.obj
       Manifest:
         C:\Program Files\Microsoft SDKs\Windows\v7.0A\bin\mt.exe /nologo /verbose /out:"Debug\dinamicMAsinsertSort.exe.embed.manifest" /manifest Debug\dinamicMAsinsertSort.exe.intermediate.manifest
         Для всех выходных данных обновления не требуется.
       LinkEmbedManifest:
         Для всех выходных данных обновления не требуется.
         dinamicMAsinsertSort.vcxproj -> D:\институт МИРЭА\обучение Си\dinamicMAsinsertSort\Debug\dinamicMAsinsertSort.exe
       FinalizeBuildStatus:
         Файл "Debug\dinamicMAsinsertSort.unsuccessfulbuild" удаляется.
         Обращение к "Debug\dinamicMAsinsertSort.lastbuildstate".
     1>Построение проекта "D:\институт МИРЭА\обучение Си\dinamicMAsinsertSort\dinamicMAsinsertSort\dinamicMAsinsertSort.vcxproj" завершено (целевые объекты build).

Построение успешно завершено.

Затраченное время: 00:00:04.20
