Построение начато 21.03.2012 19:30:08.
     1>Проект "D:\институт МИРЭА\обучение Си\MonteKarlo\MonteKarlo\MonteKarlo.vcxproj" в узле 2 (целевые объекты build).
     1>InitializeBuildStatus:
         Создание "Debug\MonteKarlo.unsuccessfulbuild", так как было задано "AlwaysCreate".
       ClCompile:
         C:\Program Files\Microsoft Visual Studio 10.0\VC\bin\CL.exe /c /ZI /nologo /W3 /WX- /Od /Oy- /D WIN32 /D _DEBUG /D _CONSOLE /D _UNICODE /D UNICODE /Gm /EHsc /RTC1 /MDd /GS /fp:precise /Zc:wchar_t /Zc:forScope /Fo"Debug\\" /Fd"Debug\vc100.pdb" /Gd /TP /analyze- /errorReport:prompt MonteKarlo.cpp
         MonteKarlo.cpp
     1>d:\институт мирэа\обучение си\montekarlo\montekarlo\montekarlo.cpp(28): warning C4305: аргумент: усечение из "double" к "float"
     1>d:\институт мирэа\обучение си\montekarlo\montekarlo\montekarlo.cpp(50): warning C4244: +=: преобразование "float" в "int", возможна потеря данных
     1>d:\институт мирэа\обучение си\montekarlo\montekarlo\montekarlo.cpp(52): warning C4244: аргумент: преобразование "int" в "float", возможна потеря данных
     1>d:\институт мирэа\обучение си\montekarlo\montekarlo\montekarlo.cpp(53): warning C4244: аргумент: преобразование "int" в "float", возможна потеря данных
     1>d:\институт мирэа\обучение си\montekarlo\montekarlo\montekarlo.cpp(54): warning C4244: аргумент: преобразование "int" в "float", возможна потеря данных
     1>d:\институт мирэа\обучение си\montekarlo\montekarlo\montekarlo.cpp(58): warning C4244: =: преобразование "int" в "float", возможна потеря данных
     1>d:\институт мирэа\обучение си\montekarlo\montekarlo\montekarlo.cpp(65): warning C4244: =: преобразование "int" в "float", возможна потеря данных
     1>d:\институт мирэа\обучение си\montekarlo\montekarlo\montekarlo.cpp(72): warning C4244: =: преобразование "int" в "float", возможна потеря данных
     1>d:\институт мирэа\обучение си\montekarlo\montekarlo\montekarlo.cpp(130): warning C4244: аргумент: преобразование "time_t" в "unsigned int", возможна потеря данных
       ManifestResourceCompile:
         Для всех выходных данных обновления не требуется.
       Link:
         C:\Program Files\Microsoft Visual Studio 10.0\VC\bin\link.exe /ERRORREPORT:PROMPT /OUT:"D:\институт МИРЭА\обучение Си\MonteKarlo\Debug\MonteKarlo.exe" /INCREMENTAL /NOLOGO kernel32.lib user32.lib gdi32.lib winspool.lib comdlg32.lib advapi32.lib shell32.lib ole32.lib oleaut32.lib uuid.lib odbc32.lib odbccp32.lib /MANIFEST /ManifestFile:"Debug\MonteKarlo.exe.intermediate.manifest" /MANIFESTUAC:"level='asInvoker' uiAccess='false'" /DEBUG /PDB:"D:\институт МИРЭА\обучение Си\MonteKarlo\Debug\MonteKarlo.pdb" /SUBSYSTEM:CONSOLE /TLBID:1 /DYNAMICBASE /NXCOMPAT /IMPLIB:"D:\институт МИРЭА\обучение Си\MonteKarlo\Debug\MonteKarlo.lib" /MACHINE:X86 Debug\MonteKarlo.exe.embed.manifest.res
         Debug\MonteKarlo.obj
       Manifest:
         C:\Program Files\Microsoft SDKs\Windows\v7.0A\bin\mt.exe /nologo /verbose /out:"Debug\MonteKarlo.exe.embed.manifest" /manifest Debug\MonteKarlo.exe.intermediate.manifest
         Для всех выходных данных обновления не требуется.
       LinkEmbedManifest:
         Для всех выходных данных обновления не требуется.
         MonteKarlo.vcxproj -> D:\институт МИРЭА\обучение Си\MonteKarlo\Debug\MonteKarlo.exe
       FinalizeBuildStatus:
         Файл "Debug\MonteKarlo.unsuccessfulbuild" удаляется.
         Обращение к "Debug\MonteKarlo.lastbuildstate".
     1>Построение проекта "D:\институт МИРЭА\обучение Си\MonteKarlo\MonteKarlo\MonteKarlo.vcxproj" завершено (целевые объекты build).

Построение успешно завершено.

Затраченное время: 00:00:01.62
