Построение начато 21.02.2012 16:15:40.
     1>Проект "D:\институт МИРЭА\обучение Си\SimplexMethod1\SimplexMethod1\SimplexMethod1.vcxproj" в узле 2 (целевые объекты build).
     1>InitializeBuildStatus:
         Создание "Debug\SimplexMethod1.unsuccessfulbuild", так как было задано "AlwaysCreate".
       ClCompile:
         C:\Program Files\Microsoft Visual Studio 10.0\VC\bin\CL.exe /c /ZI /nologo /W3 /WX- /Od /Oy- /D WIN32 /D _DEBUG /D _CONSOLE /D _UNICODE /D UNICODE /Gm /EHsc /RTC1 /MDd /GS /fp:precise /Zc:wchar_t /Zc:forScope /Fo"Debug\\" /Fd"Debug\vc100.pdb" /Gd /TP /analyze- /errorReport:prompt simplexMethod1.cpp
         simplexMethod1.cpp
       ManifestResourceCompile:
         Для всех выходных данных обновления не требуется.
       Link:
         C:\Program Files\Microsoft Visual Studio 10.0\VC\bin\link.exe /ERRORREPORT:PROMPT /OUT:"D:\институт МИРЭА\обучение Си\SimplexMethod1\Debug\SimplexMethod1.exe" /INCREMENTAL /NOLOGO kernel32.lib user32.lib gdi32.lib winspool.lib comdlg32.lib advapi32.lib shell32.lib ole32.lib oleaut32.lib uuid.lib odbc32.lib odbccp32.lib /MANIFEST /ManifestFile:"Debug\SimplexMethod1.exe.intermediate.manifest" /MANIFESTUAC:"level='asInvoker' uiAccess='false'" /DEBUG /PDB:"D:\институт МИРЭА\обучение Си\SimplexMethod1\Debug\SimplexMethod1.pdb" /SUBSYSTEM:CONSOLE /TLBID:1 /DYNAMICBASE /NXCOMPAT /IMPLIB:"D:\институт МИРЭА\обучение Си\SimplexMethod1\Debug\SimplexMethod1.lib" /MACHINE:X86 Debug\SimplexMethod1.exe.embed.manifest.res
         Debug\simplex1.obj
         Debug\simplexMethod1.obj
         Debug\user_data.obj
       Manifest:
         C:\Program Files\Microsoft SDKs\Windows\v7.0A\bin\mt.exe /nologo /verbose /out:"Debug\SimplexMethod1.exe.embed.manifest" /manifest Debug\SimplexMethod1.exe.intermediate.manifest
         Для всех выходных данных обновления не требуется.
       LinkEmbedManifest:
         Для всех выходных данных обновления не требуется.
         SimplexMethod1.vcxproj -> D:\институт МИРЭА\обучение Си\SimplexMethod1\Debug\SimplexMethod1.exe
       FinalizeBuildStatus:
         Файл "Debug\SimplexMethod1.unsuccessfulbuild" удаляется.
         Обращение к "Debug\SimplexMethod1.lastbuildstate".
     1>Построение проекта "D:\институт МИРЭА\обучение Си\SimplexMethod1\SimplexMethod1\SimplexMethod1.vcxproj" завершено (целевые объекты build).

Построение успешно завершено.

Затраченное время: 00:00:02.21
