Построение начато 22.12.2011 19:54:11.
Проект "D:\Институт МИРЭА\C++\sortBubl\sortBubl\sortBubl.vcxproj" в узле 2 (целевые объекты build).
InitializeBuildStatus:
  Создание "Debug\sortBubl.unsuccessfulbuild", так как было задано "AlwaysCreate".
ClCompile:
  Для всех выходных данных обновления не требуется.
  C:\Program Files\Microsoft Visual Studio 10.0\VC\bin\CL.exe /c /ZI /nologo /W3 /WX- /Od /Oy- /D WIN32 /D _DEBUG /D _CONSOLE /D _UNICODE /D UNICODE /Gm /EHsc /RTC1 /MDd /GS /fp:precise /Zc:wchar_t /Zc:forScope /Yu"StdAfx.h" /Fp"Debug\sortBubl.pch" /Fo"Debug\\" /Fd"Debug\vc100.pdb" /Gd /TP /analyze- /errorReport:prompt sortBubl.cpp
  sortBubl.cpp
ManifestResourceCompile:
  Для всех выходных данных обновления не требуется.
Link:
  C:\Program Files\Microsoft Visual Studio 10.0\VC\bin\link.exe /ERRORREPORT:PROMPT /OUT:"D:\Институт МИРЭА\C++\sortBubl\Debug\sortBubl.exe" /INCREMENTAL /NOLOGO kernel32.lib user32.lib gdi32.lib winspool.lib comdlg32.lib advapi32.lib shell32.lib ole32.lib oleaut32.lib uuid.lib odbc32.lib odbccp32.lib /MANIFEST /ManifestFile:"Debug\sortBubl.exe.intermediate.manifest" /MANIFESTUAC:"level='asInvoker' uiAccess='false'" /DEBUG /PDB:"D:\Институт МИРЭА\C++\sortBubl\Debug\sortBubl.pdb" /SUBSYSTEM:CONSOLE /TLBID:1 /DYNAMICBASE /NXCOMPAT /IMPLIB:"D:\Институт МИРЭА\C++\sortBubl\Debug\sortBubl.lib" /MACHINE:X86 Debug\sortBubl.exe.embed.manifest.res
  Debug\sortBubl.obj
  Debug\stdafx.obj
Manifest:
  C:\Program Files\Microsoft SDKs\Windows\v7.0A\bin\mt.exe /nologo /verbose /out:"Debug\sortBubl.exe.embed.manifest" /manifest Debug\sortBubl.exe.intermediate.manifest
  Для всех выходных данных обновления не требуется.
LinkEmbedManifest:
  Для всех выходных данных обновления не требуется.
  sortBubl.vcxproj -> D:\Институт МИРЭА\C++\sortBubl\Debug\sortBubl.exe
FinalizeBuildStatus:
  Файл "Debug\sortBubl.unsuccessfulbuild" удаляется.
  Обращение к "Debug\sortBubl.lastbuildstate".
Построение проекта "D:\Институт МИРЭА\C++\sortBubl\sortBubl\sortBubl.vcxproj" завершено (целевые объекты build).

Построение успешно завершено.

Затраченное время: 00:00:05.89
