Построение начато 21.03.2012 18:20:40.
     1>Проект "D:\институт МИРЭА\обучение Си\IntegralSimps\IntegralSimps\IntegralSimps.vcxproj" в узле 2 (целевые объекты build).
     1>InitializeBuildStatus:
         Создание "Debug\IntegralSimps.unsuccessfulbuild", так как было задано "AlwaysCreate".
       ClCompile:
         C:\Program Files\Microsoft Visual Studio 10.0\VC\bin\CL.exe /c /ZI /nologo /W3 /WX- /Od /Oy- /D WIN32 /D _DEBUG /D _CONSOLE /D _UNICODE /D UNICODE /Gm /EHsc /RTC1 /MDd /GS /fp:precise /Zc:wchar_t /Zc:forScope /Fo"Debug\\" /Fd"Debug\vc100.pdb" /Gd /TP /analyze- /errorReport:prompt integralSimp.cpp
         integralSimp.cpp
       ManifestResourceCompile:
         Для всех выходных данных обновления не требуется.
       Link:
         C:\Program Files\Microsoft Visual Studio 10.0\VC\bin\link.exe /ERRORREPORT:PROMPT /OUT:"D:\институт МИРЭА\обучение Си\IntegralSimps\Debug\IntegralSimps.exe" /INCREMENTAL /NOLOGO kernel32.lib user32.lib gdi32.lib winspool.lib comdlg32.lib advapi32.lib shell32.lib ole32.lib oleaut32.lib uuid.lib odbc32.lib odbccp32.lib /MANIFEST /ManifestFile:"Debug\IntegralSimps.exe.intermediate.manifest" /MANIFESTUAC:"level='asInvoker' uiAccess='false'" /DEBUG /PDB:"D:\институт МИРЭА\обучение Си\IntegralSimps\Debug\IntegralSimps.pdb" /SUBSYSTEM:CONSOLE /TLBID:1 /DYNAMICBASE /NXCOMPAT /IMPLIB:"D:\институт МИРЭА\обучение Си\IntegralSimps\Debug\IntegralSimps.lib" /MACHINE:X86 Debug\IntegralSimps.exe.embed.manifest.res
         Debug\integralSimp.obj
       Manifest:
         C:\Program Files\Microsoft SDKs\Windows\v7.0A\bin\mt.exe /nologo /verbose /out:"Debug\IntegralSimps.exe.embed.manifest" /manifest Debug\IntegralSimps.exe.intermediate.manifest
         Для всех выходных данных обновления не требуется.
       LinkEmbedManifest:
         Для всех выходных данных обновления не требуется.
         IntegralSimps.vcxproj -> D:\институт МИРЭА\обучение Си\IntegralSimps\Debug\IntegralSimps.exe
       FinalizeBuildStatus:
         Файл "Debug\IntegralSimps.unsuccessfulbuild" удаляется.
         Обращение к "Debug\IntegralSimps.lastbuildstate".
     1>Построение проекта "D:\институт МИРЭА\обучение Си\IntegralSimps\IntegralSimps\IntegralSimps.vcxproj" завершено (целевые объекты build).

Построение успешно завершено.

Затраченное время: 00:00:01.32
