D:\MY DESKTOP STUDY\C++\M\DEBUG\M.EXE
D:\MY DESKTOP STUDY\C++\M\DEBUG\M.ILK
D:\MY DESKTOP STUDY\C++\M\DEBUG\M.PDB
D:\MY DESKTOP STUDY\C++\M\M\DEBUG\1.OBJ
D:\MY DESKTOP STUDY\C++\M\M\DEBUG\M.EXE.EMBED.MANIFEST
D:\MY DESKTOP STUDY\C++\M\M\DEBUG\M.EXE.EMBED.MANIFEST.RES
D:\MY DESKTOP STUDY\C++\M\M\DEBUG\M.EXE.INTERMEDIATE.MANIFEST
D:\MY DESKTOP STUDY\C++\M\M\DEBUG\VC100.PDB
G:\PROJECTS\обучение Си\C++ UNIVERSITY\M\DEBUG\M.EXE
G:\PROJECTS\обучение Си\C++ UNIVERSITY\M\DEBUG\M.ILK
G:\PROJECTS\ОБУЧЕНИЕ СИ\C++ UNIVERSITY\M\DEBUG\M.PDB
G:\PROJECTS\обучение Си\C++ UNIVERSITY\M\M\DEBUG\1.OBJ
G:\PROJECTS\обучение Си\C++ UNIVERSITY\M\M\DEBUG\M.EXE.EMBED.MANIFEST.RES
G:\PROJECTS\обучение Си\C++ UNIVERSITY\M\M\DEBUG\M.EXE.INTERMEDIATE.MANIFEST
G:\PROJECTS\ОБУЧЕНИЕ СИ\C++ UNIVERSITY\M\M\DEBUG\VC100.PDB
G:\Projects\обучение Си\C++ University\Копия m\Debug\m.pdb
G:\PROJECTS\обучение Си\C++ UNIVERSITY\Копия M\M\DEBUG\1.OBJ
G:\PROJECTS\обучение Си\C++ UNIVERSITY\Копия M\M\DEBUG\CHECKS.OBJ
G:\Projects\обучение Си\C++ University\Копия m\m\Debug\cl.command.1.tlog
G:\Projects\обучение Си\C++ University\Копия m\m\Debug\CL.read.1.tlog
G:\Projects\обучение Си\C++ University\Копия m\m\Debug\CL.write.1.tlog
G:\PROJECTS\обучение Си\C++ UNIVERSITY\Копия M\M\DEBUG\IO.OBJ
G:\Projects\обучение Си\C++ University\Копия m\m\Debug\link.1880.read.1.tlog
G:\Projects\обучение Си\C++ University\Копия m\m\Debug\link.1880.write.1.tlog
G:\Projects\обучение Си\C++ University\Копия m\m\Debug\link.1880-cvtres.read.1.tlog
G:\Projects\обучение Си\C++ University\Копия m\m\Debug\link.1880-cvtres.write.1.tlog
G:\Projects\обучение Си\C++ University\Копия m\m\Debug\link.1972.read.1.tlog
G:\Projects\обучение Си\C++ University\Копия m\m\Debug\link.1972.write.1.tlog
G:\Projects\обучение Си\C++ University\Копия m\m\Debug\link.1972-cvtres.read.1.tlog
G:\Projects\обучение Си\C++ University\Копия m\m\Debug\link.1972-cvtres.write.1.tlog
G:\Projects\обучение Си\C++ University\Копия m\m\Debug\link.2032.read.1.tlog
G:\Projects\обучение Си\C++ University\Копия m\m\Debug\link.2032.write.1.tlog
G:\Projects\обучение Си\C++ University\Копия m\m\Debug\link.2032-cvtres.read.1.tlog
G:\Projects\обучение Си\C++ University\Копия m\m\Debug\link.2032-cvtres.write.1.tlog
G:\Projects\обучение Си\C++ University\Копия m\m\Debug\link.2548.read.1.tlog
G:\Projects\обучение Си\C++ University\Копия m\m\Debug\link.2548.write.1.tlog
G:\Projects\обучение Си\C++ University\Копия m\m\Debug\link.2548-cvtres.read.1.tlog
G:\Projects\обучение Си\C++ University\Копия m\m\Debug\link.2548-cvtres.write.1.tlog
G:\Projects\обучение Си\C++ University\Копия m\m\Debug\link.3168.read.1.tlog
G:\Projects\обучение Си\C++ University\Копия m\m\Debug\link.3168.write.1.tlog
G:\Projects\обучение Си\C++ University\Копия m\m\Debug\link.3168-cvtres.read.1.tlog
G:\Projects\обучение Си\C++ University\Копия m\m\Debug\link.3168-cvtres.write.1.tlog
G:\Projects\обучение Си\C++ University\Копия m\m\Debug\link.3300.read.1.tlog
G:\Projects\обучение Си\C++ University\Копия m\m\Debug\link.3300.write.1.tlog
G:\Projects\обучение Си\C++ University\Копия m\m\Debug\link.3300-cvtres.read.1.tlog
G:\Projects\обучение Си\C++ University\Копия m\m\Debug\link.3300-cvtres.write.1.tlog
G:\Projects\обучение Си\C++ University\Копия m\m\Debug\link.5076.read.1.tlog
G:\Projects\обучение Си\C++ University\Копия m\m\Debug\link.5076.write.1.tlog
G:\Projects\обучение Си\C++ University\Копия m\m\Debug\link.5076-cvtres.read.1.tlog
G:\Projects\обучение Си\C++ University\Копия m\m\Debug\link.5076-cvtres.write.1.tlog
G:\Projects\обучение Си\C++ University\Копия m\m\Debug\link.5480.read.1.tlog
G:\Projects\обучение Си\C++ University\Копия m\m\Debug\link.5480.write.1.tlog
G:\Projects\обучение Си\C++ University\Копия m\m\Debug\link.5480-cvtres.read.1.tlog
G:\Projects\обучение Си\C++ University\Копия m\m\Debug\link.5480-cvtres.write.1.tlog
G:\Projects\обучение Си\C++ University\Копия m\m\Debug\link.5892.read.1.tlog
G:\Projects\обучение Си\C++ University\Копия m\m\Debug\link.5892.write.1.tlog
G:\Projects\обучение Си\C++ University\Копия m\m\Debug\link.5892-cvtres.read.1.tlog
G:\Projects\обучение Си\C++ University\Копия m\m\Debug\link.5892-cvtres.write.1.tlog
G:\Projects\обучение Си\C++ University\Копия m\m\Debug\link.command.1.tlog
G:\Projects\обучение Си\C++ University\Копия m\m\Debug\link.read.1.tlog
G:\Projects\обучение Си\C++ University\Копия m\m\Debug\link.write.1.tlog
G:\Projects\обучение Си\C++ University\Копия m\m\Debug\link-cvtres.read.1.tlog
G:\Projects\обучение Си\C++ University\Копия m\m\Debug\link-cvtres.write.1.tlog
G:\Projects\обучение Си\C++ University\Копия m\m\Debug\m.exe.embed.manifest
G:\PROJECTS\обучение Си\C++ UNIVERSITY\Копия M\M\DEBUG\M.EXE.EMBED.MANIFEST.RES
G:\Projects\обучение Си\C++ University\Копия m\m\Debug\m.exe.intermediate.manifest
G:\Projects\обучение Си\C++ University\Копия m\m\Debug\m_manifest.rc
G:\Projects\обучение Си\C++ University\Копия m\m\Debug\mt.command.1.tlog
G:\Projects\обучение Си\C++ University\Копия m\m\Debug\mt.read.1.tlog
G:\Projects\обучение Си\C++ University\Копия m\m\Debug\mt.write.1.tlog
G:\Projects\обучение Си\C++ University\Копия m\m\Debug\rc.command.1.tlog
G:\Projects\обучение Си\C++ University\Копия m\m\Debug\rc.read.1.tlog
G:\Projects\обучение Си\C++ University\Копия m\m\Debug\rc.write.1.tlog
G:\PROJECTS\обучение Си\C++ UNIVERSITY\Копия M\M\DEBUG\SORT.OBJ
G:\Projects\обучение Си\C++ University\Копия m\m\Debug\vc100.idb
G:\PROJECTS\ОБУЧЕНИЕ СИ\C++ UNIVERSITY\КОПИЯ M\M\DEBUG\VC100.PDB
H:\PROJECTS\обучение Си\C++ UNIVERSITY\M\DEBUG\M.EXE
H:\PROJECTS\обучение Си\C++ UNIVERSITY\M\DEBUG\M.ILK
H:\PROJECTS\ОБУЧЕНИЕ СИ\C++ UNIVERSITY\M\DEBUG\M.PDB
H:\PROJECTS\обучение Си\C++ UNIVERSITY\M\M\DEBUG\1.OBJ
H:\PROJECTS\обучение Си\C++ UNIVERSITY\M\M\DEBUG\M.EXE.EMBED.MANIFEST.RES
H:\PROJECTS\обучение Си\C++ UNIVERSITY\M\M\DEBUG\M.EXE.INTERMEDIATE.MANIFEST
H:\PROJECTS\ОБУЧЕНИЕ СИ\C++ UNIVERSITY\M\M\DEBUG\VC100.PDB
