Построение начато 25.03.2012 19:03:46.
     1>Проект "G:\Projects\обучение Си\C++ University\Копия m\m\m.vcxproj" в узле 2 (целевые объекты build).
     1>InitializeBuildStatus:
         Создание "Debug\m.unsuccessfulbuild", так как было задано "AlwaysCreate".
       ClCompile:
         C:\Program Files\Microsoft Visual Studio 10.0\VC\bin\CL.exe /c /ZI /nologo /W3 /WX- /Od /Oy- /D WIN32 /D _DEBUG /D _CONSOLE /D _UNICODE /D UNICODE /Gm /EHsc /RTC1 /MDd /GS /fp:precise /Zc:wchar_t /Zc:forScope /Fo"Debug\\" /Fd"Debug\vc100.pdb" /Gd /TP /analyze- /errorReport:prompt Checks.cpp IO.cpp main.cpp
         main.cpp
         Checks.cpp
         Создание кода...
         Компиляция...
         IO.cpp
     1>g:\projects\обучение си\c++ university\копия m\m\io.cpp(28): warning C4244: =: преобразование "float" в "int", возможна потеря данных
         Создание кода...
       ManifestResourceCompile:
         Для всех выходных данных обновления не требуется.
       Link:
         C:\Program Files\Microsoft Visual Studio 10.0\VC\bin\link.exe /ERRORREPORT:PROMPT /OUT:"G:\Projects\обучение Си\C++ University\Копия m\Debug\m.exe" /INCREMENTAL /NOLOGO kernel32.lib user32.lib gdi32.lib winspool.lib comdlg32.lib advapi32.lib shell32.lib ole32.lib oleaut32.lib uuid.lib odbc32.lib odbccp32.lib /MANIFEST /ManifestFile:"Debug\m.exe.intermediate.manifest" /MANIFESTUAC:"level='asInvoker' uiAccess='false'" /DEBUG /PDB:"G:\Projects\обучение Си\C++ University\Копия m\Debug\m.pdb" /SUBSYSTEM:CONSOLE /TLBID:1 /DYNAMICBASE /NXCOMPAT /IMPLIB:"G:\Projects\обучение Си\C++ University\Копия m\Debug\m.lib" /MACHINE:X86 Debug\m.exe.embed.manifest.res
         Debug\main.obj
         Debug\Checks.obj
         Debug\IO.obj
         Debug\Time.obj
       Manifest:
         C:\Program Files\Microsoft SDKs\Windows\v7.0A\bin\mt.exe /nologo /verbose /out:"Debug\m.exe.embed.manifest" /manifest Debug\m.exe.intermediate.manifest
         Для всех выходных данных обновления не требуется.
       LinkEmbedManifest:
         Для всех выходных данных обновления не требуется.
         m.vcxproj -> G:\Projects\обучение Си\C++ University\Копия m\Debug\m.exe
       FinalizeBuildStatus:
         Файл "Debug\m.unsuccessfulbuild" удаляется.
         Обращение к "Debug\m.lastbuildstate".
     1>Построение проекта "G:\Projects\обучение Си\C++ University\Копия m\m\m.vcxproj" завершено (целевые объекты build).

Построение успешно завершено.

Затраченное время: 00:00:04.56
