Построение начато 12.03.2012 20:15:53.
     1>Проект "D:\институт МИРЭА\обучение Си\probInput\probInput\probInput.vcxproj" в узле 2 (целевые объекты build).
     1>PrepareForBuild:
         Создание каталога "D:\институт МИРЭА\обучение Си\probInput\Debug\".
       InitializeBuildStatus:
         Создание "Debug\probInput.unsuccessfulbuild", так как было задано "AlwaysCreate".
       ClCompile:
         C:\Program Files\Microsoft Visual Studio 10.0\VC\bin\CL.exe /c /ZI /nologo /W3 /WX- /Od /Oy- /D WIN32 /D _DEBUG /D _CONSOLE /D _UNICODE /D UNICODE /Gm /EHsc /RTC1 /MDd /GS /fp:precise /Zc:wchar_t /Zc:forScope /Fo"Debug\\" /Fd"Debug\vc100.pdb" /Gd /TP /analyze- /errorReport:prompt inp.cpp
         inp.cpp
     1>d:\институт мирэа\обучение си\probinput\probinput\inp.cpp(11): warning C4996: 'kbhit': The POSIX name for this item is deprecated. Instead, use the ISO C++ conformant name: _kbhit. See online help for details.
                 c:\program files\microsoft visual studio 10.0\vc\include\conio.h(130): см. объявление "kbhit"
     1>d:\институт мирэа\обучение си\probinput\probinput\inp.cpp(12): warning C4996: 'getch': The POSIX name for this item is deprecated. Instead, use the ISO C++ conformant name: _getch. See online help for details.
                 c:\program files\microsoft visual studio 10.0\vc\include\conio.h(128): см. объявление "getch"
       ManifestResourceCompile:
         C:\Program Files\Microsoft SDKs\Windows\v7.0A\bin\rc.exe /nologo /fo"Debug\probInput.exe.embed.manifest.res" Debug\probInput_manifest.rc 
       Link:
         C:\Program Files\Microsoft Visual Studio 10.0\VC\bin\link.exe /ERRORREPORT:PROMPT /OUT:"D:\институт МИРЭА\обучение Си\probInput\Debug\probInput.exe" /INCREMENTAL /NOLOGO kernel32.lib user32.lib gdi32.lib winspool.lib comdlg32.lib advapi32.lib shell32.lib ole32.lib oleaut32.lib uuid.lib odbc32.lib odbccp32.lib /MANIFEST /ManifestFile:"Debug\probInput.exe.intermediate.manifest" /MANIFESTUAC:"level='asInvoker' uiAccess='false'" /DEBUG /PDB:"D:\институт МИРЭА\обучение Си\probInput\Debug\probInput.pdb" /SUBSYSTEM:CONSOLE /TLBID:1 /DYNAMICBASE /NXCOMPAT /IMPLIB:"D:\институт МИРЭА\обучение Си\probInput\Debug\probInput.lib" /MACHINE:X86 Debug\probInput.exe.embed.manifest.res
         Debug\inp.obj
       Manifest:
         C:\Program Files\Microsoft SDKs\Windows\v7.0A\bin\mt.exe /nologo /verbose /out:"Debug\probInput.exe.embed.manifest" /manifest Debug\probInput.exe.intermediate.manifest
         C:\Program Files\Microsoft SDKs\Windows\v7.0A\bin\rc.exe /nologo /fo"Debug\probInput.exe.embed.manifest.res" Debug\probInput_manifest.rc 
       LinkEmbedManifest:
         C:\Program Files\Microsoft Visual Studio 10.0\VC\bin\link.exe /ERRORREPORT:PROMPT /OUT:"D:\институт МИРЭА\обучение Си\probInput\Debug\probInput.exe" /INCREMENTAL /NOLOGO kernel32.lib user32.lib gdi32.lib winspool.lib comdlg32.lib advapi32.lib shell32.lib ole32.lib oleaut32.lib uuid.lib odbc32.lib odbccp32.lib /MANIFEST /ManifestFile:"Debug\probInput.exe.intermediate.manifest" /MANIFESTUAC:"level='asInvoker' uiAccess='false'" /DEBUG /PDB:"D:\институт МИРЭА\обучение Си\probInput\Debug\probInput.pdb" /SUBSYSTEM:CONSOLE /TLBID:1 /DYNAMICBASE /NXCOMPAT /IMPLIB:"D:\институт МИРЭА\обучение Си\probInput\Debug\probInput.lib" /MACHINE:X86 Debug\probInput.exe.embed.manifest.res
         Debug\inp.obj
         probInput.vcxproj -> D:\институт МИРЭА\обучение Си\probInput\Debug\probInput.exe
       FinalizeBuildStatus:
         Файл "Debug\probInput.unsuccessfulbuild" удаляется.
         Обращение к "Debug\probInput.lastbuildstate".
     1>Построение проекта "D:\институт МИРЭА\обучение Си\probInput\probInput\probInput.vcxproj" завершено (целевые объекты build).

Построение успешно завершено.

Затраченное время: 00:00:02.37
