Построение начато 22.01.2012 20:25:53.
     1>Проект "D:\институт МИРЭА\обучение Си\AllSort\AllSort\AllSort.vcxproj" в узле 2 (целевые объекты build).
     1>InitializeBuildStatus:
         Создание "Debug\AllSort.unsuccessfulbuild", так как было задано "AlwaysCreate".
       ClCompile:
         Для всех выходных данных обновления не требуется.
         C:\Program Files\Microsoft Visual Studio 10.0\VC\bin\CL.exe /c /ZI /nologo /W3 /WX- /Od /Oy- /D WIN32 /D _DEBUG /D _CONSOLE /D _UNICODE /D UNICODE /Gm /EHsc /RTC1 /MDd /GS /fp:precise /Zc:wchar_t /Zc:forScope /Yu"StdAfx.h" /Fp"Debug\AllSort.pch" /Fo"Debug\\" /Fd"Debug\vc100.pdb" /Gd /TP /analyze- /errorReport:prompt AllSort.cpp
         AllSort.cpp
     1>d:\институт мирэа\обучение си\allsort\allsort\allsort.cpp(13): warning C4244: аргумент: преобразование "time_t" в "unsigned int", возможна потеря данных
     1>d:\институт мирэа\обучение си\allsort\allsort\allsort.cpp(139): warning C4101: szInput: неиспользованная локальная переменная
       ManifestResourceCompile:
         Для всех выходных данных обновления не требуется.
       Link:
         C:\Program Files\Microsoft Visual Studio 10.0\VC\bin\link.exe /ERRORREPORT:PROMPT /OUT:"D:\институт МИРЭА\обучение Си\AllSort\Debug\AllSort.exe" /INCREMENTAL /NOLOGO kernel32.lib user32.lib gdi32.lib winspool.lib comdlg32.lib advapi32.lib shell32.lib ole32.lib oleaut32.lib uuid.lib odbc32.lib odbccp32.lib /MANIFEST /ManifestFile:"Debug\AllSort.exe.intermediate.manifest" /MANIFESTUAC:"level='asInvoker' uiAccess='false'" /DEBUG /PDB:"D:\институт МИРЭА\обучение Си\AllSort\Debug\AllSort.pdb" /SUBSYSTEM:CONSOLE /TLBID:1 /DYNAMICBASE /NXCOMPAT /IMPLIB:"D:\институт МИРЭА\обучение Си\AllSort\Debug\AllSort.lib" /MACHINE:X86 Debug\AllSort.exe.embed.manifest.res
         Debug\AllSort.obj
         Debug\stdafx.obj
       Manifest:
         C:\Program Files\Microsoft SDKs\Windows\v7.0A\bin\mt.exe /nologo /verbose /out:"Debug\AllSort.exe.embed.manifest" /manifest Debug\AllSort.exe.intermediate.manifest
         Для всех выходных данных обновления не требуется.
       LinkEmbedManifest:
         Для всех выходных данных обновления не требуется.
         AllSort.vcxproj -> D:\институт МИРЭА\обучение Си\AllSort\Debug\AllSort.exe
       FinalizeBuildStatus:
         Файл "Debug\AllSort.unsuccessfulbuild" удаляется.
         Обращение к "Debug\AllSort.lastbuildstate".
     1>Построение проекта "D:\институт МИРЭА\обучение Си\AllSort\AllSort\AllSort.vcxproj" завершено (целевые объекты build).

Построение успешно завершено.

Затраченное время: 00:00:01.35
