Построение начато 20.12.2011 15:19:48.
     1>Проект "D:\my desktop study\C++\try1\try1\try1.vcxproj" в узле 2 (целевые объекты build).
     1>InitializeBuildStatus:
         Обращение к "Debug\try1.unsuccessfulbuild".
       ClCompile:
         Для всех выходных данных обновления не требуется.
         E:\Program Files (x86)\Microsoft Visual Studio 10.0\VC\bin\CL.exe /c /ZI /nologo /W3 /WX- /Od /Oy- /D WIN32 /D _DEBUG /D _CONSOLE /D _UNICODE /D UNICODE /Gm /EHsc /RTC1 /MDd /GS /fp:precise /Zc:wchar_t /Zc:forScope /Yu"StdAfx.h" /Fp"Debug\try1.pch" /Fo"Debug\\" /Fd"Debug\vc100.pdb" /Gd /TP /analyze- /errorReport:prompt try1.cpp
         try1.cpp
     1>d:\my desktop study\c++\try1\try1\try1.cpp(45): error C2784: std::basic_istream<_Elem,_Traits> &std::operator >>(std::basic_istream<_Elem,_Traits> &&,_Ty &): не удалось вывести аргумент шаблон для "std::basic_istream<_Elem,_Traits> &&" из "std::ostream"
                 e:\program files (x86)\microsoft visual studio 10.0\vc\include\istream(1128): см. объявление "std::operator >>"
     1>d:\my desktop study\c++\try1\try1\try1.cpp(45): error C2784: std::basic_istream<_Elem,_Traits> &std::operator >>(std::basic_istream<_Elem,_Traits> &&,_Ty &): не удалось вывести аргумент шаблон для "std::basic_istream<_Elem,_Traits> &&" из "std::ostream"
                 e:\program files (x86)\microsoft visual studio 10.0\vc\include\istream(1128): см. объявление "std::operator >>"
     1>d:\my desktop study\c++\try1\try1\try1.cpp(45): error C2784: std::basic_istream<_Elem,_Traits> &std::operator >>(std::basic_istream<_Elem,_Traits> &&,_Ty &): не удалось вывести аргумент шаблон для "std::basic_istream<_Elem,_Traits> &&" из "std::ostream"
                 e:\program files (x86)\microsoft visual studio 10.0\vc\include\istream(1128): см. объявление "std::operator >>"
     1>d:\my desktop study\c++\try1\try1\try1.cpp(45): error C2784: std::basic_istream<_Elem,_Traits> &std::operator >>(std::basic_istream<_Elem,_Traits> &&,_Ty &): не удалось вывести аргумент шаблон для "std::basic_istream<_Elem,_Traits> &&" из "std::ostream"
                 e:\program files (x86)\microsoft visual studio 10.0\vc\include\istream(1128): см. объявление "std::operator >>"
     1>d:\my desktop study\c++\try1\try1\try1.cpp(45): error C2784: std::basic_istream<char,_Traits> &std::operator >>(std::basic_istream<char,_Traits> &,unsigned char &): не удалось вывести аргумент шаблон для "std::basic_istream<char,_Traits> &" из "std::ostream"
                 e:\program files (x86)\microsoft visual studio 10.0\vc\include\istream(1118): см. объявление "std::operator >>"
     1>d:\my desktop study\c++\try1\try1\try1.cpp(45): error C2784: std::basic_istream<char,_Traits> &std::operator >>(std::basic_istream<char,_Traits> &,unsigned char &): не удалось вывести аргумент шаблон для "std::basic_istream<char,_Traits> &" из "std::ostream"
                 e:\program files (x86)\microsoft visual studio 10.0\vc\include\istream(1118): см. объявление "std::operator >>"
     1>d:\my desktop study\c++\try1\try1\try1.cpp(45): error C2784: std::basic_istream<char,_Traits> &std::operator >>(std::basic_istream<char,_Traits> &,unsigned char &): не удалось вывести аргумент шаблон для "std::basic_istream<char,_Traits> &" из "std::ostream"
                 e:\program files (x86)\microsoft visual studio 10.0\vc\include\istream(1118): см. объявление "std::operator >>"
     1>d:\my desktop study\c++\try1\try1\try1.cpp(45): error C2784: std::basic_istream<char,_Traits> &std::operator >>(std::basic_istream<char,_Traits> &,unsigned char &): не удалось вывести аргумент шаблон для "std::basic_istream<char,_Traits> &" из "std::ostream"
                 e:\program files (x86)\microsoft visual studio 10.0\vc\include\istream(1118): см. объявление "std::operator >>"
     1>d:\my desktop study\c++\try1\try1\try1.cpp(45): error C2784: std::basic_istream<char,_Traits> &std::operator >>(std::basic_istream<char,_Traits> &,unsigned char *): не удалось вывести аргумент шаблон для "std::basic_istream<char,_Traits> &" из "std::ostream"
                 e:\program files (x86)\microsoft visual studio 10.0\vc\include\istream(1111): см. объявление "std::operator >>"
     1>d:\my desktop study\c++\try1\try1\try1.cpp(45): error C2784: std::basic_istream<char,_Traits> &std::operator >>(std::basic_istream<char,_Traits> &,unsigned char *): не удалось вывести аргумент шаблон для "std::basic_istream<char,_Traits> &" из "std::ostream"
                 e:\program files (x86)\microsoft visual studio 10.0\vc\include\istream(1111): см. объявление "std::operator >>"
     1>d:\my desktop study\c++\try1\try1\try1.cpp(45): error C2784: std::basic_istream<char,_Traits> &std::operator >>(std::basic_istream<char,_Traits> &,unsigned char *): не удалось вывести аргумент шаблон для "std::basic_istream<char,_Traits> &" из "std::ostream"
                 e:\program files (x86)\microsoft visual studio 10.0\vc\include\istream(1111): см. объявление "std::operator >>"
     1>d:\my desktop study\c++\try1\try1\try1.cpp(45): error C2784: std::basic_istream<char,_Traits> &std::operator >>(std::basic_istream<char,_Traits> &,unsigned char *): не удалось вывести аргумент шаблон для "std::basic_istream<char,_Traits> &" из "std::ostream"
                 e:\program files (x86)\microsoft visual studio 10.0\vc\include\istream(1111): см. объявление "std::operator >>"
     1>d:\my desktop study\c++\try1\try1\try1.cpp(45): error C2784: std::basic_istream<char,_Traits> &std::operator >>(std::basic_istream<char,_Traits> &,signed char &): не удалось вывести аргумент шаблон для "std::basic_istream<char,_Traits> &" из "std::ostream"
                 e:\program files (x86)\microsoft visual studio 10.0\vc\include\istream(1104): см. объявление "std::operator >>"
     1>d:\my desktop study\c++\try1\try1\try1.cpp(45): error C2784: std::basic_istream<char,_Traits> &std::operator >>(std::basic_istream<char,_Traits> &,signed char &): не удалось вывести аргумент шаблон для "std::basic_istream<char,_Traits> &" из "std::ostream"
                 e:\program files (x86)\microsoft visual studio 10.0\vc\include\istream(1104): см. объявление "std::operator >>"
     1>d:\my desktop study\c++\try1\try1\try1.cpp(45): error C2784: std::basic_istream<char,_Traits> &std::operator >>(std::basic_istream<char,_Traits> &,signed char &): не удалось вывести аргумент шаблон для "std::basic_istream<char,_Traits> &" из "std::ostream"
                 e:\program files (x86)\microsoft visual studio 10.0\vc\include\istream(1104): см. объявление "std::operator >>"
     1>d:\my desktop study\c++\try1\try1\try1.cpp(45): error C2784: std::basic_istream<char,_Traits> &std::operator >>(std::basic_istream<char,_Traits> &,signed char &): не удалось вывести аргумент шаблон для "std::basic_istream<char,_Traits> &" из "std::ostream"
                 e:\program files (x86)\microsoft visual studio 10.0\vc\include\istream(1104): см. объявление "std::operator >>"
     1>d:\my desktop study\c++\try1\try1\try1.cpp(45): error C2784: std::basic_istream<char,_Traits> &std::operator >>(std::basic_istream<char,_Traits> &,signed char *): не удалось вывести аргумент шаблон для "std::basic_istream<char,_Traits> &" из "std::ostream"
                 e:\program files (x86)\microsoft visual studio 10.0\vc\include\istream(1097): см. объявление "std::operator >>"
     1>d:\my desktop study\c++\try1\try1\try1.cpp(45): error C2784: std::basic_istream<char,_Traits> &std::operator >>(std::basic_istream<char,_Traits> &,signed char *): не удалось вывести аргумент шаблон для "std::basic_istream<char,_Traits> &" из "std::ostream"
                 e:\program files (x86)\microsoft visual studio 10.0\vc\include\istream(1097): см. объявление "std::operator >>"
     1>d:\my desktop study\c++\try1\try1\try1.cpp(45): error C2784: std::basic_istream<char,_Traits> &std::operator >>(std::basic_istream<char,_Traits> &,signed char *): не удалось вывести аргумент шаблон для "std::basic_istream<char,_Traits> &" из "std::ostream"
                 e:\program files (x86)\microsoft visual studio 10.0\vc\include\istream(1097): см. объявление "std::operator >>"
     1>d:\my desktop study\c++\try1\try1\try1.cpp(45): error C2784: std::basic_istream<char,_Traits> &std::operator >>(std::basic_istream<char,_Traits> &,signed char *): не удалось вывести аргумент шаблон для "std::basic_istream<char,_Traits> &" из "std::ostream"
                 e:\program files (x86)\microsoft visual studio 10.0\vc\include\istream(1097): см. объявление "std::operator >>"
     1>d:\my desktop study\c++\try1\try1\try1.cpp(45): error C2784: std::basic_istream<_Elem,_Traits> &std::operator >>(std::basic_istream<_Elem,_Traits> &,_Elem &): не удалось вывести аргумент шаблон для "std::basic_istream<_Elem,_Traits> &" из "std::ostream"
                 e:\program files (x86)\microsoft visual studio 10.0\vc\include\istream(1090): см. объявление "std::operator >>"
     1>d:\my desktop study\c++\try1\try1\try1.cpp(45): error C2784: std::basic_istream<_Elem,_Traits> &std::operator >>(std::basic_istream<_Elem,_Traits> &,_Elem &): не удалось вывести аргумент шаблон для "std::basic_istream<_Elem,_Traits> &" из "std::ostream"
                 e:\program files (x86)\microsoft visual studio 10.0\vc\include\istream(1090): см. объявление "std::operator >>"
     1>d:\my desktop study\c++\try1\try1\try1.cpp(45): error C2784: std::basic_istream<_Elem,_Traits> &std::operator >>(std::basic_istream<_Elem,_Traits> &,_Elem &): не удалось вывести аргумент шаблон для "std::basic_istream<_Elem,_Traits> &" из "std::ostream"
                 e:\program files (x86)\microsoft visual studio 10.0\vc\include\istream(1090): см. объявление "std::operator >>"
     1>d:\my desktop study\c++\try1\try1\try1.cpp(45): error C2784: std::basic_istream<_Elem,_Traits> &std::operator >>(std::basic_istream<_Elem,_Traits> &,_Elem &): не удалось вывести аргумент шаблон для "std::basic_istream<_Elem,_Traits> &" из "std::ostream"
                 e:\program files (x86)\microsoft visual studio 10.0\vc\include\istream(1090): см. объявление "std::operator >>"
     1>d:\my desktop study\c++\try1\try1\try1.cpp(45): error C2784: std::basic_istream<_Elem,_Traits> &std::operator >>(std::basic_istream<_Elem,_Traits> &,_Elem *): не удалось вывести аргумент шаблон для "std::basic_istream<_Elem,_Traits> &" из "std::ostream"
                 e:\program files (x86)\microsoft visual studio 10.0\vc\include\istream(1082): см. объявление "std::operator >>"
     1>d:\my desktop study\c++\try1\try1\try1.cpp(45): error C2784: std::basic_istream<_Elem,_Traits> &std::operator >>(std::basic_istream<_Elem,_Traits> &,_Elem *): не удалось вывести аргумент шаблон для "std::basic_istream<_Elem,_Traits> &" из "std::ostream"
                 e:\program files (x86)\microsoft visual studio 10.0\vc\include\istream(1082): см. объявление "std::operator >>"
     1>d:\my desktop study\c++\try1\try1\try1.cpp(45): error C2784: std::basic_istream<_Elem,_Traits> &std::operator >>(std::basic_istream<_Elem,_Traits> &,_Elem *): не удалось вывести аргумент шаблон для "std::basic_istream<_Elem,_Traits> &" из "std::ostream"
                 e:\program files (x86)\microsoft visual studio 10.0\vc\include\istream(1082): см. объявление "std::operator >>"
     1>d:\my desktop study\c++\try1\try1\try1.cpp(45): error C2784: std::basic_istream<_Elem,_Traits> &std::operator >>(std::basic_istream<_Elem,_Traits> &,_Elem *): не удалось вывести аргумент шаблон для "std::basic_istream<_Elem,_Traits> &" из "std::ostream"
                 e:\program files (x86)\microsoft visual studio 10.0\vc\include\istream(1082): см. объявление "std::operator >>"
     1>d:\my desktop study\c++\try1\try1\try1.cpp(45): error C2784: std::basic_istream<char,_Traits> &std::operator >>(std::basic_istream<char,_Traits> &&,unsigned char &): не удалось вывести аргумент шаблон для "std::basic_istream<char,_Traits> &&" из "std::ostream"
                 e:\program files (x86)\microsoft visual studio 10.0\vc\include\istream(1074): см. объявление "std::operator >>"
     1>d:\my desktop study\c++\try1\try1\try1.cpp(45): error C2784: std::basic_istream<char,_Traits> &std::operator >>(std::basic_istream<char,_Traits> &&,unsigned char &): не удалось вывести аргумент шаблон для "std::basic_istream<char,_Traits> &&" из "std::ostream"
                 e:\program files (x86)\microsoft visual studio 10.0\vc\include\istream(1074): см. объявление "std::operator >>"
     1>d:\my desktop study\c++\try1\try1\try1.cpp(45): error C2784: std::basic_istream<char,_Traits> &std::operator >>(std::basic_istream<char,_Traits> &&,unsigned char &): не удалось вывести аргумент шаблон для "std::basic_istream<char,_Traits> &&" из "std::ostream"
                 e:\program files (x86)\microsoft visual studio 10.0\vc\include\istream(1074): см. объявление "std::operator >>"
     1>d:\my desktop study\c++\try1\try1\try1.cpp(45): error C2784: std::basic_istream<char,_Traits> &std::operator >>(std::basic_istream<char,_Traits> &&,unsigned char &): не удалось вывести аргумент шаблон для "std::basic_istream<char,_Traits> &&" из "std::ostream"
                 e:\program files (x86)\microsoft visual studio 10.0\vc\include\istream(1074): см. объявление "std::operator >>"
     1>d:\my desktop study\c++\try1\try1\try1.cpp(45): error C2784: std::basic_istream<char,_Traits> &std::operator >>(std::basic_istream<char,_Traits> &&,unsigned char *): не удалось вывести аргумент шаблон для "std::basic_istream<char,_Traits> &&" из "std::ostream"
                 e:\program files (x86)\microsoft visual studio 10.0\vc\include\istream(1067): см. объявление "std::operator >>"
     1>d:\my desktop study\c++\try1\try1\try1.cpp(45): error C2784: std::basic_istream<char,_Traits> &std::operator >>(std::basic_istream<char,_Traits> &&,unsigned char *): не удалось вывести аргумент шаблон для "std::basic_istream<char,_Traits> &&" из "std::ostream"
                 e:\program files (x86)\microsoft visual studio 10.0\vc\include\istream(1067): см. объявление "std::operator >>"
     1>d:\my desktop study\c++\try1\try1\try1.cpp(45): error C2784: std::basic_istream<char,_Traits> &std::operator >>(std::basic_istream<char,_Traits> &&,unsigned char *): не удалось вывести аргумент шаблон для "std::basic_istream<char,_Traits> &&" из "std::ostream"
                 e:\program files (x86)\microsoft visual studio 10.0\vc\include\istream(1067): см. объявление "std::operator >>"
     1>d:\my desktop study\c++\try1\try1\try1.cpp(45): error C2784: std::basic_istream<char,_Traits> &std::operator >>(std::basic_istream<char,_Traits> &&,unsigned char *): не удалось вывести аргумент шаблон для "std::basic_istream<char,_Traits> &&" из "std::ostream"
                 e:\program files (x86)\microsoft visual studio 10.0\vc\include\istream(1067): см. объявление "std::operator >>"
     1>d:\my desktop study\c++\try1\try1\try1.cpp(45): error C2784: std::basic_istream<char,_Traits> &std::operator >>(std::basic_istream<char,_Traits> &&,signed char &): не удалось вывести аргумент шаблон для "std::basic_istream<char,_Traits> &&" из "std::ostream"
                 e:\program files (x86)\microsoft visual studio 10.0\vc\include\istream(1060): см. объявление "std::operator >>"
     1>d:\my desktop study\c++\try1\try1\try1.cpp(45): error C2784: std::basic_istream<char,_Traits> &std::operator >>(std::basic_istream<char,_Traits> &&,signed char &): не удалось вывести аргумент шаблон для "std::basic_istream<char,_Traits> &&" из "std::ostream"
                 e:\program files (x86)\microsoft visual studio 10.0\vc\include\istream(1060): см. объявление "std::operator >>"
     1>d:\my desktop study\c++\try1\try1\try1.cpp(45): error C2784: std::basic_istream<char,_Traits> &std::operator >>(std::basic_istream<char,_Traits> &&,signed char &): не удалось вывести аргумент шаблон для "std::basic_istream<char,_Traits> &&" из "std::ostream"
                 e:\program files (x86)\microsoft visual studio 10.0\vc\include\istream(1060): см. объявление "std::operator >>"
     1>d:\my desktop study\c++\try1\try1\try1.cpp(45): error C2784: std::basic_istream<char,_Traits> &std::operator >>(std::basic_istream<char,_Traits> &&,signed char &): не удалось вывести аргумент шаблон для "std::basic_istream<char,_Traits> &&" из "std::ostream"
                 e:\program files (x86)\microsoft visual studio 10.0\vc\include\istream(1060): см. объявление "std::operator >>"
     1>d:\my desktop study\c++\try1\try1\try1.cpp(45): error C2784: std::basic_istream<char,_Traits> &std::operator >>(std::basic_istream<char,_Traits> &&,signed char *): не удалось вывести аргумент шаблон для "std::basic_istream<char,_Traits> &&" из "std::ostream"
                 e:\program files (x86)\microsoft visual studio 10.0\vc\include\istream(1053): см. объявление "std::operator >>"
     1>d:\my desktop study\c++\try1\try1\try1.cpp(45): error C2784: std::basic_istream<char,_Traits> &std::operator >>(std::basic_istream<char,_Traits> &&,signed char *): не удалось вывести аргумент шаблон для "std::basic_istream<char,_Traits> &&" из "std::ostream"
                 e:\program files (x86)\microsoft visual studio 10.0\vc\include\istream(1053): см. объявление "std::operator >>"
     1>d:\my desktop study\c++\try1\try1\try1.cpp(45): error C2784: std::basic_istream<char,_Traits> &std::operator >>(std::basic_istream<char,_Traits> &&,signed char *): не удалось вывести аргумент шаблон для "std::basic_istream<char,_Traits> &&" из "std::ostream"
                 e:\program files (x86)\microsoft visual studio 10.0\vc\include\istream(1053): см. объявление "std::operator >>"
     1>d:\my desktop study\c++\try1\try1\try1.cpp(45): error C2784: std::basic_istream<char,_Traits> &std::operator >>(std::basic_istream<char,_Traits> &&,signed char *): не удалось вывести аргумент шаблон для "std::basic_istream<char,_Traits> &&" из "std::ostream"
                 e:\program files (x86)\microsoft visual studio 10.0\vc\include\istream(1053): см. объявление "std::operator >>"
     1>d:\my desktop study\c++\try1\try1\try1.cpp(45): error C2784: std::basic_istream<_Elem,_Traits> &std::operator >>(std::basic_istream<_Elem,_Traits> &&,_Elem &): не удалось вывести аргумент шаблон для "std::basic_istream<_Elem,_Traits> &&" из "std::ostream"
                 e:\program files (x86)\microsoft visual studio 10.0\vc\include\istream(1028): см. объявление "std::operator >>"
     1>d:\my desktop study\c++\try1\try1\try1.cpp(45): error C2784: std::basic_istream<_Elem,_Traits> &std::operator >>(std::basic_istream<_Elem,_Traits> &&,_Elem &): не удалось вывести аргумент шаблон для "std::basic_istream<_Elem,_Traits> &&" из "std::ostream"
                 e:\program files (x86)\microsoft visual studio 10.0\vc\include\istream(1028): см. объявление "std::operator >>"
     1>d:\my desktop study\c++\try1\try1\try1.cpp(45): error C2784: std::basic_istream<_Elem,_Traits> &std::operator >>(std::basic_istream<_Elem,_Traits> &&,_Elem &): не удалось вывести аргумент шаблон для "std::basic_istream<_Elem,_Traits> &&" из "std::ostream"
                 e:\program files (x86)\microsoft visual studio 10.0\vc\include\istream(1028): см. объявление "std::operator >>"
     1>d:\my desktop study\c++\try1\try1\try1.cpp(45): error C2784: std::basic_istream<_Elem,_Traits> &std::operator >>(std::basic_istream<_Elem,_Traits> &&,_Elem &): не удалось вывести аргумент шаблон для "std::basic_istream<_Elem,_Traits> &&" из "std::ostream"
                 e:\program files (x86)\microsoft visual studio 10.0\vc\include\istream(1028): см. объявление "std::operator >>"
     1>d:\my desktop study\c++\try1\try1\try1.cpp(45): error C2784: std::basic_istream<_Elem,_Traits> &std::operator >>(std::basic_istream<_Elem,_Traits> &&,_Elem *): не удалось вывести аргумент шаблон для "std::basic_istream<_Elem,_Traits> &&" из "std::ostream"
                 e:\program files (x86)\microsoft visual studio 10.0\vc\include\istream(987): см. объявление "std::operator >>"
     1>d:\my desktop study\c++\try1\try1\try1.cpp(45): error C2784: std::basic_istream<_Elem,_Traits> &std::operator >>(std::basic_istream<_Elem,_Traits> &&,_Elem *): не удалось вывести аргумент шаблон для "std::basic_istream<_Elem,_Traits> &&" из "std::ostream"
                 e:\program files (x86)\microsoft visual studio 10.0\vc\include\istream(987): см. объявление "std::operator >>"
     1>d:\my desktop study\c++\try1\try1\try1.cpp(45): error C2784: std::basic_istream<_Elem,_Traits> &std::operator >>(std::basic_istream<_Elem,_Traits> &&,_Elem *): не удалось вывести аргумент шаблон для "std::basic_istream<_Elem,_Traits> &&" из "std::ostream"
                 e:\program files (x86)\microsoft visual studio 10.0\vc\include\istream(987): см. объявление "std::operator >>"
     1>d:\my desktop study\c++\try1\try1\try1.cpp(45): error C2784: std::basic_istream<_Elem,_Traits> &std::operator >>(std::basic_istream<_Elem,_Traits> &&,_Elem *): не удалось вывести аргумент шаблон для "std::basic_istream<_Elem,_Traits> &&" из "std::ostream"
                 e:\program files (x86)\microsoft visual studio 10.0\vc\include\istream(987): см. объявление "std::operator >>"
     1>d:\my desktop study\c++\try1\try1\try1.cpp(45): error C2676: бинарный ">>": "std::ostream" не определяет этот оператор или преобразование к типу приемлемо к встроенному оператору
     1>Построение проекта "D:\my desktop study\C++\try1\try1\try1.vcxproj" завершено (целевые объекты build) с ошибкой.

СБОЙ построения.

Затраченное время: 00:00:00.82
