Построение начато 16.03.2012 0:10:51.
     1>Проект "D:\институт МИРЭА\обучение Си\PIarraysort\PIarraysort\PIarraysort.vcxproj" в узле 2 (целевые объекты build).
     1>InitializeBuildStatus:
         Создание "Debug\PIarraysort.unsuccessfulbuild", так как было задано "AlwaysCreate".
       ClCompile:
         C:\Program Files\Microsoft Visual Studio 10.0\VC\bin\CL.exe /c /ZI /nologo /W3 /WX- /Od /Oy- /D WIN32 /D _DEBUG /D _CONSOLE /D _UNICODE /D UNICODE /Gm /EHsc /RTC1 /MDd /GS /fp:precise /Zc:wchar_t /Zc:forScope /Fo"Debug\\" /Fd"Debug\vc100.pdb" /Gd /TP /analyze- /errorReport:prompt arraySortPI.cpp
         arraySortPI.cpp
     1>d:\институт мирэа\обучение си\piarraysort\piarraysort\arraysortpi.cpp(78): warning C4244: =: преобразование "float" в "int", возможна потеря данных
       ManifestResourceCompile:
         Для всех выходных данных обновления не требуется.
       Link:
         C:\Program Files\Microsoft Visual Studio 10.0\VC\bin\link.exe /ERRORREPORT:PROMPT /OUT:"D:\институт МИРЭА\обучение Си\PIarraysort\Debug\PIarraysort.exe" /INCREMENTAL /NOLOGO kernel32.lib user32.lib gdi32.lib winspool.lib comdlg32.lib advapi32.lib shell32.lib ole32.lib oleaut32.lib uuid.lib odbc32.lib odbccp32.lib /MANIFEST /ManifestFile:"Debug\PIarraysort.exe.intermediate.manifest" /MANIFESTUAC:"level='asInvoker' uiAccess='false'" /DEBUG /PDB:"D:\институт МИРЭА\обучение Си\PIarraysort\Debug\PIarraysort.pdb" /SUBSYSTEM:CONSOLE /TLBID:1 /DYNAMICBASE /NXCOMPAT /IMPLIB:"D:\институт МИРЭА\обучение Си\PIarraysort\Debug\PIarraysort.lib" /MACHINE:X86 Debug\PIarraysort.exe.embed.manifest.res
         Debug\arraySortPI.obj
       Manifest:
         C:\Program Files\Microsoft SDKs\Windows\v7.0A\bin\mt.exe /nologo /verbose /out:"Debug\PIarraysort.exe.embed.manifest" /manifest Debug\PIarraysort.exe.intermediate.manifest
         Для всех выходных данных обновления не требуется.
       LinkEmbedManifest:
         Для всех выходных данных обновления не требуется.
         PIarraysort.vcxproj -> D:\институт МИРЭА\обучение Си\PIarraysort\Debug\PIarraysort.exe
       FinalizeBuildStatus:
         Файл "Debug\PIarraysort.unsuccessfulbuild" удаляется.
         Обращение к "Debug\PIarraysort.lastbuildstate".
     1>Построение проекта "D:\институт МИРЭА\обучение Си\PIarraysort\PIarraysort\PIarraysort.vcxproj" завершено (целевые объекты build).

Построение успешно завершено.

Затраченное время: 00:00:05.71
